audioRle[115,16,114,1,115,16,114,3,115,10,114,1,115,5,114,1,115,24,114,2,115,3,114,3,115,5,114,2,115,4,114,2,115,19,116,3,
115,6,114,6,113,2,114,4,113,2,114,2,115,1,114,4,115,3,114,3,115,7,116,5,117,8,116,1,115,2,113,1,112,3,111,3,112,1,113,1,114,3,
115,2,116,2,115,2,114,6,113,2,114,3,115,4,116,2,115,9,116,3,117,4,118,4,117,1,115,1,114,1,113,1,112,1,111,4,112,1,113,1,114,1,
115,2,116,3,115,2,114,5,113,5,114,3,115,1,116,4,115,3,114,5,115,3,116,1,115,1,116,3,117,5,118,4,117,1,116,1,114,1,113,1,112,1,
111,4,112,1,114,2,115,2,116,2,115,2,114,6,113,5,114,4,115,4,114,7,115,3,116,2,115,1,116,4,117,3,118,1,119,3,118,1,117,1,115,1,
113,1,112,1,111,1,110,2,111,1,112,1,113,1,114,1,115,2,116,3,115,2,114,4,113,6,114,1,115,7,114,1,113,2,114,3,115,4,116,1,115,5,
116,4,117,1,118,1,119,4,118,1,116,1,114,1,112,1,110,1,109,2,110,1,111,1,113,1,114,1,115,1,116,4,115,1,114,1,113,5,112,3,113,2,
114,1,115,2,116,1,115,3,114,1,113,1,112,2,113,2,114,1,115,3,116,3,115,6,116,2,117,1,118,1,119,1,120,1,121,2,120,1,118,1,115,1,
113,1,110,1,109,1,108,1,109,1,111,1,112,1,114,1,116,1,117,1,118,1,117,2,116,1,114,1,113,1,112,7,113,1,114,1,115,1,116,4,115,1,
114,1,112,1,111,2,112,1,113,1,114,1,115,1,116,2,117,3,116,1,115,1,114,3,115,3,116,1,117,1,118,1,119,1,120,1,121,3,120,1,118,1,
114,1,111,1,108,1,107,2,108,1,111,1,114,1,116,1,118,1,119,1,118,1,117,1,116,1,114,1,113,1,112,2,111,1,112,3,113,2,114,1,115,1,
116,4,115,1,113,1,111,1,110,1,111,2,113,1,114,1,115,1,116,3,117,1,116,2,115,1,114,4,115,2,116,1,118,1,119,1,120,1,121,1,122,2,
121,1,120,1,117,1,113,1,110,1,107,1,106,2,109,1,112,1,115,1,118,1,119,2,118,1,116,1,114,1,112,1,111,4,112,3,114,1,115,1,116,1,
117,4,115,1,113,1,111,1,109,1,108,1,109,1,111,1,113,1,115,1,117,3,116,2,115,1,114,4,115,3,116,1,117,1,118,1,119,1,120,1,121,2,
122,2,121,1,118,1,114,1,110,1,107,1,105,1,106,1,109,1,112,1,116,1,118,1,120,1,119,1,118,1,116,1,113,1,111,4,112,3,113,1,114,1,
115,1,116,1,117,3,116,1,115,1,113,1,111,1,109,3,111,1,113,1,115,1,117,2,116,2,115,1,114,4,115,2,116,3,117,1,118,1,119,1,120,2,
121,1,122,3,120,1,118,1,114,1,110,1,107,1,106,1,107,1,110,1,114,1,117,1,120,2,119,1,116,1,113,1,111,1,110,2,111,1,112,2,113,1,
114,1,115,2,117,2,116,2,115,1,114,1,113,1,112,1,111,1,110,1,111,1,112,2,114,2,115,1,116,2,115,1,114,4,115,2,116,4,117,1,118,1,
119,1,120,2,121,2,122,2,121,1,118,1,114,1,110,1,107,1,106,1,107,1,110,1,115,1,119,1,121,1,120,1,117,1,114,1,111,1,109,1,110,1,
111,1,112,1,113,2,114,2,115,2,116,3,115,1,114,1,113,6,112,2,111,1,112,1,114,1,115,1,116,2,115,1,114,1,113,2,114,1,115,2,116,2,
117,2,118,3,119,1,120,1,121,2,122,2,121,1,118,1,113,1,109,1,106,1,105,1,108,1,112,1,117,1,120,2,119,1,115,1,112,1,110,1,109,1,
111,1,112,1,113,2,114,3,115,2,116,2,115,1,114,1,113,3,115,2,114,1,112,1,110,1,109,1,110,1,112,1,116,1,118,1,117,1,116,1,114,1,
113,1,112,2,114,1,115,1,116,1,117,5,118,1,119,1,120,1,121,1,122,2,123,1,122,1,120,1,116,1,110,1,106,1,103,1,105,1,111,1,115,1,
120,1,121,1,119,1,116,1,112,1,110,1,109,1,110,1,112,1,113,4,114,1,115,2,116,2,114,1,113,1,112,1,113,1,115,1,116,1,117,1,115,1,
112,1,110,1,108,1,109,1,112,1,114,1,117,3,116,1,114,1,113,1,112,1,113,1,114,1,115,1,116,4,117,2,118,1,119,1,120,1,121,2,122,1,
123,2,121,1,118,1,114,1,108,1,105,1,104,1,107,1,112,1,117,1,122,1,121,1,118,1,114,1,110,1,109,1,110,1,112,1,113,1,114,1,113,1,
112,1,113,1,114,1,116,2,115,1,114,1,112,1,113,1,114,1,116,3,115,1,113,1,111,1,109,2,110,1,112,1,115,1,117,2,116,1,115,1,113,1,
112,3,113,1,114,1,115,1,117,6,118,1,119,2,120,1,121,2,122,1,123,1,122,1,119,1,112,1,106,1,103,1,104,1,109,1,116,1,120,1,122,1,
118,1,114,1,111,1,109,1,110,1,112,1,113,3,112,1,113,1,114,1,116,1,117,1,116,1,114,1,112,1,111,1,112,1,115,1,117,2,116,1,114,1,
112,3,114,2,113,1,112,2,113,1,114,1,115,1,114,1,113,1,112,2,113,1,114,1,116,2,117,8,118,1,119,1,120,1,121,1,122,1,124,1,123,1,
121,1,116,1,108,1,104,1,103,1,106,1,113,1,118,1,121,1,119,1,115,1,112,1,110,1,111,1,112,1,113,1,112,3,113,1,116,1,117,2,115,1,
112,1,111,1,110,1,113,1,115,1,118,2,117,1,115,1,113,1,112,1,111,4,113,1,115,1,116,1,117,1,116,1,114,1,112,2,113,1,115,1,116,2,
115,3,116,5,117,1,118,1,119,5,120,1,121,1,122,1,121,1,117,1,112,1,106,2,107,1,111,1,116,1,117,1,118,1,116,1,113,1,112,1,111,1,
112,4,113,1,115,1,116,1,117,1,115,1,114,1,112,2,113,1,114,1,116,3,115,1,114,3,113,2,112,2,113,1,114,1,115,3,114,1,113,5,114,2,
116,1,117,3,116,1,115,2,116,1,117,4,118,1,119,1,121,1,122,3,119,1,116,1,111,1,106,2,108,1,112,1,116,1,118,1,117,1,115,1,112,1,
111,1,112,2,113,1,112,2,113,1,115,1,117,2,115,1,112,1,111,1,112,1,114,1,116,1,117,2,116,1,115,3,114,1,113,1,112,1,113,1,114,1,
115,2,114,1,113,2,114,3,113,1,112,1,113,2,115,4,114,1,115,2,116,4,117,2,118,1,117,3,118,1,119,1,120,1,121,2,119,1,117,1,113,1,
109,1,108,1,109,1,111,1,114,1,115,3,114,3,113,2,112,2,113,1,114,1,115,2,114,4,115,2,114,1,115,3,116,1,115,1,114,2,113,1,114,1,
115,2,116,2,115,1,113,1,112,5,113,1,114,1,113,1,114,6,115,3,116,1,115,1,116,3,117,2,118,6,119,1,120,1,119,1,117,1,113,1,109,1,
108,1,109,1,111,1,113,2,114,5,113,1,112,3,113,1,114,1,115,1,114,3,115,4,114,1,115,4,114,5,115,6,114,2,113,1,112,1,111,1,112,1,
113,2,114,7,115,3,116,5,115,1,116,2,117,2,118,5,119,3,118,1,117,1,115,1,113,1,112,1,111,1,112,2,113,1,114,3,115,1,114,3,113,1,
114,6,115,1,114,4,115,8,114,1,115,11,114,6,113,8,114,2,115,4,116,8,117,5,118,7,117,1,116,3,115,1,114,1,113,2,112,3,111,1,112,2,
113,3,114,6,115,24,114,3,115,1,114,1,113,5,114,5,113,2,114,3,115,2,116,10,117,2,118,2,117,1,118,2,119,3,118,1,117,1,116,2,115,1,
113,1,112,1,111,3,112,2,113,1,112,1,113,7,114,1,115,7,116,1,115,9,114,1,115,9,114,2,113,2,114,1,113,2,114,7,113,1,114,3,115,8,
116,5,115,4,116,4,117,9,116,1,115,2,114,2,113,3,112,4,113,6,114,1,113,1,114,2,115,2,116,4,115,18,114,10,115,1,114,11,115,3,114,2,
115,5,114,2,115,7,116,3,115,2,116,2,115,3,116,9,115,3,114,1,115,2,114,2,113,7,114,1,113,1,114,7,115,1,114,3,115,4,114,3,115,10,
114,28,115,3,114,2,115,8,116,2,115,4,116,2,115,4,116,1,115,6,116,1,115,3,114,4,113,9,114,3,113,2,114,2,115,2,114,3,115,9,114,6,
115,1,114,4,115,1,114,11,115,3,114,2,115,11,114,2,115,32,116,2,115,18,114,7,113,2,114,8,115,2,114,3,115,9,114,9,115,4,114,3,115,3,
114,2,115,8,116,2,115,3,116,1,115,5,116,3,115,17,116,2,115,10,116,2,115,3,114,1,115,2,114,7,113,2,114,7];
// RLE audio: 1022 bytes
